          <idle>-0       [008] ..s2. 4749954.775034: bpf_trace_printk: 

          <idle>-0       [008] ..s2. 4749954.775041: bpf_trace_printk: Receive a packet on cpu 8
          <idle>-0       [008] ..s2. 4749954.775042: bpf_trace_printk: cur_pkt_id: 1
          <idle>-0       [008] ..s2. 4749954.775043: bpf_trace_printk: [add_metadata_to_log] add pkt 1 to ring[0]
          <idle>-0       [008] ..s2. 4749954.775045: bpf_trace_printk: src ip ac105ac6, dst port: 47635, tcp_syn_flag: 1, tcp_fin_flag: 0
          <idle>-0       [008] ..s2. 4749954.775046: bpf_trace_printk: [add_metadata_to_log] next_loc: 1, pkt_min: 1 pkt_max: 1
          <idle>-0       [009] ..s2. 4749954.776174: bpf_trace_printk: 

          <idle>-0       [009] ..s2. 4749954.776178: bpf_trace_printk: Receive a packet on cpu 9
          <idle>-0       [009] ..s2. 4749954.776179: bpf_trace_printk: cur_pkt_id: 2
          <idle>-0       [009] ..s2. 4749954.776180: bpf_trace_printk: [add_metadata_to_log] add pkt 1 to ring[0]
          <idle>-0       [009] ..s2. 4749954.776181: bpf_trace_printk: src ip ac105ac6, dst port: 47635, tcp_syn_flag: 1, tcp_fin_flag: 0
          <idle>-0       [009] ..s2. 4749954.776185: bpf_trace_printk: [add_metadata_to_log] next_loc: 1, pkt_min: 1 pkt_max: 1
          <idle>-0       [009] ..s2. 4749954.776186: bpf_trace_printk: [add_metadata_to_log] add pkt 2 to ring[1]
          <idle>-0       [009] ..s2. 4749954.776187: bpf_trace_printk: src ip ac105ac5, dst port: 13502, tcp_syn_flag: 1, tcp_fin_flag: 0
          <idle>-0       [009] ..s2. 4749954.776188: bpf_trace_printk: [add_metadata_to_log] next_loc: 2, pkt_min: 1 pkt_max: 2
          <idle>-0       [009] ..s2. 4749954.777945: bpf_trace_printk: 

          <idle>-0       [009] ..s2. 4749954.777947: bpf_trace_printk: Receive a packet on cpu 9
          <idle>-0       [009] ..s2. 4749954.777948: bpf_trace_printk: cur_pkt_id: 4
          <idle>-0       [009] ..s2. 4749954.777948: bpf_trace_printk: [add_metadata_to_log] add pkt 3 to ring[2]
          <idle>-0       [009] ..s2. 4749954.777949: bpf_trace_printk: src ip ac105ac6, dst port: 47635, tcp_syn_flag: 1, tcp_fin_flag: 0
          <idle>-0       [009] ..s2. 4749954.777949: bpf_trace_printk: [add_metadata_to_log] next_loc: 3, pkt_min: 1 pkt_max: 3
          <idle>-0       [009] ..s2. 4749954.777949: bpf_trace_printk: [add_metadata_to_log] add pkt 4 to ring[3]
          <idle>-0       [009] ..s2. 4749954.777950: bpf_trace_printk: src ip ac105ac6, dst port: 47635, tcp_syn_flag: 1, tcp_fin_flag: 0
          <idle>-0       [009] ..s2. 4749954.777950: bpf_trace_printk: [add_metadata_to_log] next_loc: 4, pkt_min: 1 pkt_max: 4
          <idle>-0       [008] ..s2. 4749954.778869: bpf_trace_printk: 

          <idle>-0       [008] ..s2. 4749954.778873: bpf_trace_printk: Receive a packet on cpu 8
          <idle>-0       [008] ..s2. 4749954.778874: bpf_trace_printk: cur_pkt_id: 5
          <idle>-0       [008] ..s2. 4749954.778874: bpf_trace_printk: Detect packet loss, need to recover pkts [2, 3]
          <idle>-0       [008] ..s2. 4749954.778876: bpf_trace_printk: init LOST_FLAGS: 0x300
          <idle>-0       [008] ..s2. 4749954.778880: bpf_trace_printk: [handle_one_packet_loss] next pkt to recover: 2, lost_pkt_max: 3
          <idle>-0       [008] ..s2. 4749954.778881: bpf_trace_printk: [handle_one_packet_loss] to recover pkt 2
          <idle>-0       [008] ..s2. 4749954.778882: bpf_trace_printk: [add_metadata_to_log] add lost pkt 2 to ring[1]
          <idle>-0       [008] ..s2. 4749954.778884: bpf_trace_printk: [add_metadata_to_log] next_loc: 2, pkt_min: 1 pkt_max: 2
          <idle>-0       [008] ..s2. 4749954.778887: bpf_trace_printk: [handle_packet_loss] get metadata of pkt 2 from core 9
          <idle>-0       [008] ..s2. 4749954.778889: bpf_trace_printk: src ip ac105ac5, dst port: 13502, tcp_syn_flag: 1, tcp_fin_flag: 0
          <idle>-0       [008] ..s2. 4749954.778890: bpf_trace_printk: [handle_one_packet_loss] recover pkt 2 SUCCEED
          <idle>-0       [008] ..s2. 4749954.778892: bpf_trace_printk: [handle_one_packet_loss] next pkt to recover: 3, lost_pkt_max: 3
          <idle>-0       [008] ..s2. 4749954.778894: bpf_trace_printk: [handle_one_packet_loss] to recover pkt 3
          <idle>-0       [008] ..s2. 4749954.778895: bpf_trace_printk: [add_metadata_to_log] add lost pkt 3 to ring[2]
          <idle>-0       [008] ..s2. 4749954.778897: bpf_trace_printk: [add_metadata_to_log] next_loc: 3, pkt_min: 1 pkt_max: 3
          <idle>-0       [008] ..s2. 4749954.778898: bpf_trace_printk: [handle_packet_loss] get metadata of pkt 3 from core 9
          <idle>-0       [008] ..s2. 4749954.778899: bpf_trace_printk: src ip ac105ac6, dst port: 47635, tcp_syn_flag: 1, tcp_fin_flag: 0
          <idle>-0       [008] ..s2. 4749954.778900: bpf_trace_printk: [handle_one_packet_loss] recover pkt 3 SUCCEED
          <idle>-0       [008] ..s2. 4749954.778901: bpf_trace_printk: [handle_one_packet_loss] next pkt to recover: 4, lost_pkt_max: 3
          <idle>-0       [008] ..s2. 4749954.778902: bpf_trace_printk: [handle_packet_loss] SUCCEED
          <idle>-0       [008] ..s2. 4749954.778904: bpf_trace_printk: [add_metadata_to_log] add pkt 4 to ring[3]
          <idle>-0       [008] ..s2. 4749954.778906: bpf_trace_printk: src ip ac105ac6, dst port: 47635, tcp_syn_flag: 1, tcp_fin_flag: 0
          <idle>-0       [008] ..s2. 4749954.778907: bpf_trace_printk: [add_metadata_to_log] next_loc: 4, pkt_min: 1 pkt_max: 4
          <idle>-0       [008] ..s2. 4749954.778909: bpf_trace_printk: [add_metadata_to_log] add pkt 5 to ring[4]
          <idle>-0       [008] ..s2. 4749954.778911: bpf_trace_printk: src ip ac105ac5, dst port: 13502, tcp_syn_flag: 1, tcp_fin_flag: 0
          <idle>-0       [008] ..s2. 4749954.778912: bpf_trace_printk: [add_metadata_to_log] next_loc: 5, pkt_min: 1 pkt_max: 5
          <idle>-0       [009] ..s2. 4749954.779726: bpf_trace_printk: 

          <idle>-0       [009] ..s2. 4749954.779728: bpf_trace_printk: Receive a packet on cpu 9
          <idle>-0       [009] ..s2. 4749954.779729: bpf_trace_printk: cur_pkt_id: 6
          <idle>-0       [009] ..s2. 4749954.779729: bpf_trace_printk: [add_metadata_to_log] add pkt 5 to ring[4]
          <idle>-0       [009] ..s2. 4749954.779729: bpf_trace_printk: src ip ac105ac5, dst port: 13502, tcp_syn_flag: 1, tcp_fin_flag: 0
          <idle>-0       [009] ..s2. 4749954.779730: bpf_trace_printk: [add_metadata_to_log] next_loc: 5, pkt_min: 1 pkt_max: 5
          <idle>-0       [009] ..s2. 4749954.779730: bpf_trace_printk: [add_metadata_to_log] add pkt 6 to ring[5]
          <idle>-0       [009] ..s2. 4749954.779730: bpf_trace_printk: src ip ac105ac6, dst port: 47635, tcp_syn_flag: 1, tcp_fin_flag: 0
          <idle>-0       [009] ..s2. 4749954.779731: bpf_trace_printk: [add_metadata_to_log] next_loc: 6, pkt_min: 1 pkt_max: 6
          <idle>-0       [008] ..s2. 4749954.780594: bpf_trace_printk: 

          <idle>-0       [008] ..s2. 4749954.780597: bpf_trace_printk: Receive a packet on cpu 8
          <idle>-0       [008] ..s2. 4749954.780597: bpf_trace_printk: cur_pkt_id: 7
          <idle>-0       [008] ..s2. 4749954.780598: bpf_trace_printk: [add_metadata_to_log] add pkt 6 to ring[5]
          <idle>-0       [008] ..s2. 4749954.780599: bpf_trace_printk: src ip ac105ac6, dst port: 47635, tcp_syn_flag: 1, tcp_fin_flag: 0
          <idle>-0       [008] ..s2. 4749954.780602: bpf_trace_printk: [add_metadata_to_log] next_loc: 6, pkt_min: 1 pkt_max: 6
          <idle>-0       [008] ..s2. 4749954.780604: bpf_trace_printk: [add_metadata_to_log] add pkt 7 to ring[6]
          <idle>-0       [008] ..s2. 4749954.780606: bpf_trace_printk: src ip ac105ac5, dst port: 14014, tcp_syn_flag: 1, tcp_fin_flag: 0
          <idle>-0       [008] ..s2. 4749954.780607: bpf_trace_printk: [add_metadata_to_log] next_loc: 7, pkt_min: 1 pkt_max: 7
          <idle>-0       [009] ..s2. 4749954.781461: bpf_trace_printk: 

          <idle>-0       [009] ..s2. 4749954.781463: bpf_trace_printk: Receive a packet on cpu 9
          <idle>-0       [009] ..s2. 4749954.781464: bpf_trace_printk: cur_pkt_id: 8
          <idle>-0       [009] ..s2. 4749954.781464: bpf_trace_printk: [add_metadata_to_log] add pkt 7 to ring[6]
          <idle>-0       [009] ..s2. 4749954.781464: bpf_trace_printk: src ip ac105ac5, dst port: 14014, tcp_syn_flag: 1, tcp_fin_flag: 0
          <idle>-0       [009] ..s2. 4749954.781465: bpf_trace_printk: [add_metadata_to_log] next_loc: 7, pkt_min: 1 pkt_max: 7
          <idle>-0       [009] ..s2. 4749954.781465: bpf_trace_printk: [add_metadata_to_log] add pkt 8 to ring[7]
          <idle>-0       [009] ..s2. 4749954.781465: bpf_trace_printk: src ip ac105ac6, dst port: 47635, tcp_syn_flag: 1, tcp_fin_flag: 0
          <idle>-0       [009] ..s2. 4749954.781466: bpf_trace_printk: [add_metadata_to_log] next_loc: 0, pkt_min: 1 pkt_max: 8
          <idle>-0       [008] ..s2. 4749954.782381: bpf_trace_printk: 

          <idle>-0       [008] ..s2. 4749954.782384: bpf_trace_printk: Receive a packet on cpu 8
          <idle>-0       [008] ..s2. 4749954.782384: bpf_trace_printk: cur_pkt_id: 9
          <idle>-0       [008] ..s2. 4749954.782385: bpf_trace_printk: [add_metadata_to_log] add pkt 8 to ring[7]
          <idle>-0       [008] ..s2. 4749954.782386: bpf_trace_printk: src ip ac105ac6, dst port: 47635, tcp_syn_flag: 1, tcp_fin_flag: 0
          <idle>-0       [008] ..s2. 4749954.782391: bpf_trace_printk: [add_metadata_to_log] next_loc: 0, pkt_min: 1 pkt_max: 8
          <idle>-0       [008] ..s2. 4749954.782392: bpf_trace_printk: [add_metadata_to_log] add pkt 9 to ring[0]
          <idle>-0       [008] ..s2. 4749954.782394: bpf_trace_printk: src ip ac105ac6, dst port: 47635, tcp_syn_flag: 1, tcp_fin_flag: 0
          <idle>-0       [008] ..s2. 4749954.782395: bpf_trace_printk: [add_metadata_to_log] next_loc: 1, pkt_min: 2 pkt_max: 9
          <idle>-0       [009] ..s2. 4749954.783205: bpf_trace_printk: 

          <idle>-0       [009] ..s2. 4749954.783207: bpf_trace_printk: Receive a packet on cpu 9
          <idle>-0       [009] ..s2. 4749954.783207: bpf_trace_printk: cur_pkt_id: 10
          <idle>-0       [009] ..s2. 4749954.783208: bpf_trace_printk: [add_metadata_to_log] add pkt 9 to ring[0]
          <idle>-0       [009] ..s2. 4749954.783208: bpf_trace_printk: src ip ac105ac6, dst port: 47635, tcp_syn_flag: 1, tcp_fin_flag: 0
          <idle>-0       [009] ..s2. 4749954.783208: bpf_trace_printk: [add_metadata_to_log] next_loc: 1, pkt_min: 2 pkt_max: 9
          <idle>-0       [009] ..s2. 4749954.783209: bpf_trace_printk: [add_metadata_to_log] add pkt 10 to ring[1]
          <idle>-0       [009] ..s2. 4749954.783209: bpf_trace_printk: src ip ac105ac5, dst port: 14014, tcp_syn_flag: 1, tcp_fin_flag: 0
          <idle>-0       [009] ..s2. 4749954.783210: bpf_trace_printk: [add_metadata_to_log] next_loc: 2, pkt_min: 3 pkt_max: 10
