          <idle>-0       [008] ..s2. 4749907.579628: bpf_trace_printk: 

          <idle>-0       [008] ..s2. 4749907.579632: bpf_trace_printk: Receive a packet on cpu 8
          <idle>-0       [008] ..s2. 4749907.579633: bpf_trace_printk: cur_pkt_id: 3
          <idle>-0       [008] ..s2. 4749907.579634: bpf_trace_printk: Detect packet loss, need to recover pkts [1, 1]
          <idle>-0       [008] ..s2. 4749907.579635: bpf_trace_printk: init LOST_FLAGS: 0x300
          <idle>-0       [008] ..s2. 4749907.579635: bpf_trace_printk: [handle_one_packet_loss] next pkt to recover: 1, lost_pkt_max: 1
          <idle>-0       [008] ..s2. 4749907.579635: bpf_trace_printk: [handle_one_packet_loss] to recover pkt 1
          <idle>-0       [008] ..s2. 4749907.579636: bpf_trace_printk: [add_metadata_to_log] add lost pkt 1 to ring[0]
          <idle>-0       [008] ..s2. 4749907.579636: bpf_trace_printk: [add_metadata_to_log] next_loc: 1, pkt_min: 1 pkt_max: 1
          <idle>-0       [009] ..s2. 4749907.580510: bpf_trace_printk: 

          <idle>-0       [009] ..s2. 4749907.580514: bpf_trace_printk: Receive a packet on cpu 9
          <idle>-0       [009] ..s2. 4749907.580514: bpf_trace_printk: cur_pkt_id: 4
          <idle>-0       [009] ..s2. 4749907.580515: bpf_trace_printk: Detect packet loss, need to recover pkts [1, 2]
          <idle>-0       [009] ..s2. 4749907.580515: bpf_trace_printk: init LOST_FLAGS: 0x300
          <idle>-0       [009] ..s2. 4749907.580516: bpf_trace_printk: [handle_one_packet_loss] next pkt to recover: 1, lost_pkt_max: 2
          <idle>-0       [009] ..s2. 4749907.580516: bpf_trace_printk: [handle_one_packet_loss] to recover pkt 1
          <idle>-0       [009] ..s2. 4749907.580517: bpf_trace_printk: [add_metadata_to_log] add lost pkt 1 to ring[0]
          <idle>-0       [009] ..s2. 4749907.580518: bpf_trace_printk: [add_metadata_to_log] next_loc: 1, pkt_min: 1 pkt_max: 1
          <idle>-0       [008] ..s2. 4749907.580518: bpf_trace_printk: [handle_packet_loss] pkt 1 is lost at core 9
          <idle>-0       [009] ..s2. 4749907.580519: bpf_trace_printk: [handle_packet_loss] pkt 1 is lost at core 8
          <idle>-0       [009] ..s2. 4749907.580520: bpf_trace_printk: [handle_packet_loss] pkt 1 lost at all cores. Don't need to recover state
          <idle>-0       [009] ..s2. 4749907.580521: bpf_trace_printk: [handle_one_packet_loss] recover pkt 1 SUCCEED
          <idle>-0       [008] ..s2. 4749907.580521: bpf_trace_printk: [handle_packet_loss] pkt 1 lost at all cores. Don't need to recover state
          <idle>-0       [009] ..s2. 4749907.580521: bpf_trace_printk: [handle_one_packet_loss] next pkt to recover: 2, lost_pkt_max: 2
          <idle>-0       [009] ..s2. 4749907.580522: bpf_trace_printk: [handle_one_packet_loss] to recover pkt 2
          <idle>-0       [009] ..s2. 4749907.580522: bpf_trace_printk: [add_metadata_to_log] add lost pkt 2 to ring[1]
          <idle>-0       [008] ..s2. 4749907.580522: bpf_trace_printk: [handle_one_packet_loss] recover pkt 1 SUCCEED
          <idle>-0       [009] ..s2. 4749907.580523: bpf_trace_printk: [add_metadata_to_log] next_loc: 2, pkt_min: 1 pkt_max: 2
          <idle>-0       [008] ..s2. 4749907.580523: bpf_trace_printk: [handle_one_packet_loss] next pkt to recover: 2, lost_pkt_max: 1
          <idle>-0       [008] ..s2. 4749907.580523: bpf_trace_printk: [handle_packet_loss] SUCCEED
          <idle>-0       [008] ..s2. 4749907.580523: bpf_trace_printk: [add_metadata_to_log] add pkt 2 to ring[1]
          <idle>-0       [008] ..s2. 4749907.580524: bpf_trace_printk: src ip ac105ac5, dst port: 13502, tcp_syn_flag: 1, tcp_fin_flag: 0
          <idle>-0       [008] ..s2. 4749907.580525: bpf_trace_printk: [add_metadata_to_log] next_loc: 2, pkt_min: 1 pkt_max: 2
          <idle>-0       [009] ..s2. 4749907.580525: bpf_trace_printk: [handle_packet_loss] get metadata of pkt 2 from core 8
          <idle>-0       [008] ..s2. 4749907.580526: bpf_trace_printk: [add_metadata_to_log] add pkt 3 to ring[2]
          <idle>-0       [009] ..s2. 4749907.580526: bpf_trace_printk: src ip ac105ac5, dst port: 13502, tcp_syn_flag: 1, tcp_fin_flag: 0
          <idle>-0       [008] ..s2. 4749907.580526: bpf_trace_printk: src ip ac105ac6, dst port: 47635, tcp_syn_flag: 1, tcp_fin_flag: 0
          <idle>-0       [008] ..s2. 4749907.580527: bpf_trace_printk: [add_metadata_to_log] next_loc: 3, pkt_min: 1 pkt_max: 3
          <idle>-0       [009] ..s2. 4749907.580527: bpf_trace_printk: [handle_one_packet_loss] recover pkt 2 SUCCEED
          <idle>-0       [009] ..s2. 4749907.580528: bpf_trace_printk: [handle_one_packet_loss] next pkt to recover: 3, lost_pkt_max: 2
          <idle>-0       [009] ..s2. 4749907.580529: bpf_trace_printk: [handle_packet_loss] SUCCEED
          <idle>-0       [009] ..s2. 4749907.580530: bpf_trace_printk: [add_metadata_to_log] add pkt 3 to ring[2]
          <idle>-0       [009] ..s2. 4749907.580530: bpf_trace_printk: src ip ac105ac6, dst port: 47635, tcp_syn_flag: 1, tcp_fin_flag: 0
          <idle>-0       [009] ..s2. 4749907.580532: bpf_trace_printk: [add_metadata_to_log] next_loc: 3, pkt_min: 1 pkt_max: 3
          <idle>-0       [009] ..s2. 4749907.580533: bpf_trace_printk: [add_metadata_to_log] add pkt 4 to ring[3]
          <idle>-0       [009] ..s2. 4749907.580534: bpf_trace_printk: src ip ac105ac6, dst port: 47635, tcp_syn_flag: 1, tcp_fin_flag: 0
          <idle>-0       [009] ..s2. 4749907.580534: bpf_trace_printk: [add_metadata_to_log] next_loc: 4, pkt_min: 1 pkt_max: 4
          <idle>-0       [008] ..s2. 4749907.581411: bpf_trace_printk: 

          <idle>-0       [008] ..s2. 4749907.581413: bpf_trace_printk: Receive a packet on cpu 8
          <idle>-0       [008] ..s2. 4749907.581414: bpf_trace_printk: cur_pkt_id: 5
          <idle>-0       [008] ..s2. 4749907.581414: bpf_trace_printk: [add_metadata_to_log] add pkt 4 to ring[3]
          <idle>-0       [008] ..s2. 4749907.581415: bpf_trace_printk: src ip ac105ac6, dst port: 47635, tcp_syn_flag: 1, tcp_fin_flag: 0
          <idle>-0       [008] ..s2. 4749907.581415: bpf_trace_printk: [add_metadata_to_log] next_loc: 4, pkt_min: 1 pkt_max: 4
          <idle>-0       [008] ..s2. 4749907.581416: bpf_trace_printk: [add_metadata_to_log] add pkt 5 to ring[4]
          <idle>-0       [008] ..s2. 4749907.581418: bpf_trace_printk: src ip ac105ac5, dst port: 13502, tcp_syn_flag: 1, tcp_fin_flag: 0
          <idle>-0       [008] ..s2. 4749907.581419: bpf_trace_printk: [add_metadata_to_log] next_loc: 5, pkt_min: 1 pkt_max: 5
          <idle>-0       [009] ..s2. 4749907.582275: bpf_trace_printk: 

          <idle>-0       [009] ..s2. 4749907.582280: bpf_trace_printk: Receive a packet on cpu 9
          <idle>-0       [009] ..s2. 4749907.582281: bpf_trace_printk: cur_pkt_id: 6
          <idle>-0       [009] ..s2. 4749907.582283: bpf_trace_printk: [add_metadata_to_log] add pkt 5 to ring[4]
          <idle>-0       [009] ..s2. 4749907.582291: bpf_trace_printk: src ip ac105ac5, dst port: 13502, tcp_syn_flag: 1, tcp_fin_flag: 0
          <idle>-0       [009] ..s2. 4749907.582294: bpf_trace_printk: [add_metadata_to_log] next_loc: 5, pkt_min: 1 pkt_max: 5
          <idle>-0       [009] ..s2. 4749907.582296: bpf_trace_printk: [add_metadata_to_log] add pkt 6 to ring[5]
          <idle>-0       [009] ..s2. 4749907.582298: bpf_trace_printk: src ip ac105ac6, dst port: 47635, tcp_syn_flag: 1, tcp_fin_flag: 0
          <idle>-0       [009] ..s2. 4749907.582301: bpf_trace_printk: [add_metadata_to_log] next_loc: 6, pkt_min: 1 pkt_max: 6
          <idle>-0       [008] ..s2. 4749907.583136: bpf_trace_printk: 

          <idle>-0       [008] ..s2. 4749907.583138: bpf_trace_printk: Receive a packet on cpu 8
          <idle>-0       [008] ..s2. 4749907.583138: bpf_trace_printk: cur_pkt_id: 7
          <idle>-0       [008] ..s2. 4749907.583139: bpf_trace_printk: [add_metadata_to_log] add pkt 6 to ring[5]
          <idle>-0       [008] ..s2. 4749907.583139: bpf_trace_printk: src ip ac105ac6, dst port: 47635, tcp_syn_flag: 1, tcp_fin_flag: 0
          <idle>-0       [008] ..s2. 4749907.583140: bpf_trace_printk: [add_metadata_to_log] next_loc: 6, pkt_min: 1 pkt_max: 6
          <idle>-0       [008] ..s2. 4749907.583140: bpf_trace_printk: [add_metadata_to_log] add pkt 7 to ring[6]
          <idle>-0       [008] ..s2. 4749907.583140: bpf_trace_printk: src ip ac105ac5, dst port: 14014, tcp_syn_flag: 1, tcp_fin_flag: 0
          <idle>-0       [008] ..s2. 4749907.583141: bpf_trace_printk: [add_metadata_to_log] next_loc: 7, pkt_min: 1 pkt_max: 7
          <idle>-0       [009] ..s2. 4749907.584006: bpf_trace_printk: 

          <idle>-0       [009] ..s2. 4749907.584008: bpf_trace_printk: Receive a packet on cpu 9
          <idle>-0       [009] ..s2. 4749907.584008: bpf_trace_printk: cur_pkt_id: 8
          <idle>-0       [009] ..s2. 4749907.584009: bpf_trace_printk: [add_metadata_to_log] add pkt 7 to ring[6]
          <idle>-0       [009] ..s2. 4749907.584009: bpf_trace_printk: src ip ac105ac5, dst port: 14014, tcp_syn_flag: 1, tcp_fin_flag: 0
          <idle>-0       [009] ..s2. 4749907.584009: bpf_trace_printk: [add_metadata_to_log] next_loc: 7, pkt_min: 1 pkt_max: 7
          <idle>-0       [009] ..s2. 4749907.584010: bpf_trace_printk: [add_metadata_to_log] add pkt 8 to ring[7]
          <idle>-0       [009] ..s2. 4749907.584011: bpf_trace_printk: src ip ac105ac6, dst port: 47635, tcp_syn_flag: 1, tcp_fin_flag: 0
          <idle>-0       [009] ..s2. 4749907.584014: bpf_trace_printk: [add_metadata_to_log] next_loc: 0, pkt_min: 1 pkt_max: 8
          <idle>-0       [008] ..s2. 4749907.584927: bpf_trace_printk: 

          <idle>-0       [008] ..s2. 4749907.584932: bpf_trace_printk: Receive a packet on cpu 8
          <idle>-0       [008] ..s2. 4749907.584933: bpf_trace_printk: cur_pkt_id: 9
          <idle>-0       [008] ..s2. 4749907.584935: bpf_trace_printk: [add_metadata_to_log] add pkt 8 to ring[7]
          <idle>-0       [008] ..s2. 4749907.584942: bpf_trace_printk: src ip ac105ac6, dst port: 47635, tcp_syn_flag: 1, tcp_fin_flag: 0
          <idle>-0       [008] ..s2. 4749907.584944: bpf_trace_printk: [add_metadata_to_log] next_loc: 0, pkt_min: 1 pkt_max: 8
          <idle>-0       [008] ..s2. 4749907.584947: bpf_trace_printk: [add_metadata_to_log] add pkt 9 to ring[0]
          <idle>-0       [008] ..s2. 4749907.584950: bpf_trace_printk: src ip ac105ac6, dst port: 47635, tcp_syn_flag: 1, tcp_fin_flag: 0
          <idle>-0       [008] ..s2. 4749907.584954: bpf_trace_printk: [add_metadata_to_log] next_loc: 1, pkt_min: 2 pkt_max: 9
          <idle>-0       [009] ..s2. 4749907.585750: bpf_trace_printk: 

          <idle>-0       [009] ..s2. 4749907.585753: bpf_trace_printk: Receive a packet on cpu 9
          <idle>-0       [009] ..s2. 4749907.585753: bpf_trace_printk: cur_pkt_id: 10
          <idle>-0       [009] ..s2. 4749907.585753: bpf_trace_printk: [add_metadata_to_log] add pkt 9 to ring[0]
          <idle>-0       [009] ..s2. 4749907.585754: bpf_trace_printk: src ip ac105ac6, dst port: 47635, tcp_syn_flag: 1, tcp_fin_flag: 0
          <idle>-0       [009] ..s2. 4749907.585754: bpf_trace_printk: [add_metadata_to_log] next_loc: 1, pkt_min: 2 pkt_max: 9
          <idle>-0       [009] ..s2. 4749907.585755: bpf_trace_printk: [add_metadata_to_log] add pkt 10 to ring[1]
          <idle>-0       [009] ..s2. 4749907.585755: bpf_trace_printk: src ip ac105ac5, dst port: 14014, tcp_syn_flag: 1, tcp_fin_flag: 0
          <idle>-0       [009] ..s2. 4749907.585756: bpf_trace_printk: [add_metadata_to_log] next_loc: 2, pkt_min: 3 pkt_max: 10
