          <idle>-0       [008] ..s2. 4749968.210859: bpf_trace_printk: 

          <idle>-0       [008] ..s2. 4749968.210864: bpf_trace_printk: Receive a packet on cpu 8
          <idle>-0       [008] ..s2. 4749968.210864: bpf_trace_printk: cur_pkt_id: 1
          <idle>-0       [008] ..s2. 4749968.210865: bpf_trace_printk: [add_metadata_to_log] add pkt 1 to ring[0]
          <idle>-0       [008] ..s2. 4749968.210866: bpf_trace_printk: src ip ac105ac6, dst port: 47635, tcp_syn_flag: 1, tcp_fin_flag: 0
          <idle>-0       [008] ..s2. 4749968.210867: bpf_trace_printk: [add_metadata_to_log] next_loc: 1, pkt_min: 1 pkt_max: 1
          <idle>-0       [009] ..s2. 4749968.212005: bpf_trace_printk: 

          <idle>-0       [009] ..s2. 4749968.212009: bpf_trace_printk: Receive a packet on cpu 9
          <idle>-0       [009] ..s2. 4749968.212010: bpf_trace_printk: cur_pkt_id: 2
          <idle>-0       [009] ..s2. 4749968.212011: bpf_trace_printk: [add_metadata_to_log] add pkt 1 to ring[0]
          <idle>-0       [009] ..s2. 4749968.212014: bpf_trace_printk: src ip ac105ac6, dst port: 47635, tcp_syn_flag: 1, tcp_fin_flag: 0
          <idle>-0       [009] ..s2. 4749968.212015: bpf_trace_printk: [add_metadata_to_log] next_loc: 1, pkt_min: 1 pkt_max: 1
          <idle>-0       [009] ..s2. 4749968.212016: bpf_trace_printk: [add_metadata_to_log] add pkt 2 to ring[1]
          <idle>-0       [009] ..s2. 4749968.212018: bpf_trace_printk: src ip ac105ac5, dst port: 13502, tcp_syn_flag: 1, tcp_fin_flag: 0
          <idle>-0       [009] ..s2. 4749968.212019: bpf_trace_printk: [add_metadata_to_log] next_loc: 2, pkt_min: 1 pkt_max: 2
          <idle>-0       [008] ..s2. 4749968.212884: bpf_trace_printk: 

          <idle>-0       [008] ..s2. 4749968.212886: bpf_trace_printk: Receive a packet on cpu 8
          <idle>-0       [008] ..s2. 4749968.212886: bpf_trace_printk: cur_pkt_id: 3
          <idle>-0       [008] ..s2. 4749968.212887: bpf_trace_printk: [add_metadata_to_log] add pkt 2 to ring[1]
          <idle>-0       [008] ..s2. 4749968.212887: bpf_trace_printk: src ip ac105ac5, dst port: 13502, tcp_syn_flag: 1, tcp_fin_flag: 0
          <idle>-0       [008] ..s2. 4749968.212888: bpf_trace_printk: [add_metadata_to_log] next_loc: 2, pkt_min: 1 pkt_max: 2
          <idle>-0       [008] ..s2. 4749968.212888: bpf_trace_printk: [add_metadata_to_log] add pkt 3 to ring[2]
          <idle>-0       [008] ..s2. 4749968.212890: bpf_trace_printk: src ip ac105ac6, dst port: 47635, tcp_syn_flag: 1, tcp_fin_flag: 0
          <idle>-0       [008] ..s2. 4749968.212890: bpf_trace_printk: [add_metadata_to_log] next_loc: 3, pkt_min: 1 pkt_max: 3
          <idle>-0       [008] ..s2. 4749968.214693: bpf_trace_printk: 

          <idle>-0       [008] ..s2. 4749968.214695: bpf_trace_printk: Receive a packet on cpu 8
          <idle>-0       [008] ..s2. 4749968.214695: bpf_trace_printk: cur_pkt_id: 5
          <idle>-0       [008] ..s2. 4749968.214695: bpf_trace_printk: [add_metadata_to_log] add pkt 4 to ring[3]
          <idle>-0       [008] ..s2. 4749968.214696: bpf_trace_printk: src ip ac105ac6, dst port: 47635, tcp_syn_flag: 1, tcp_fin_flag: 0
          <idle>-0       [008] ..s2. 4749968.214696: bpf_trace_printk: [add_metadata_to_log] next_loc: 4, pkt_min: 1 pkt_max: 4
          <idle>-0       [008] ..s2. 4749968.214697: bpf_trace_printk: [add_metadata_to_log] add pkt 5 to ring[4]
          <idle>-0       [008] ..s2. 4749968.214698: bpf_trace_printk: src ip ac105ac5, dst port: 13502, tcp_syn_flag: 1, tcp_fin_flag: 0
          <idle>-0       [008] ..s2. 4749968.214698: bpf_trace_printk: [add_metadata_to_log] next_loc: 5, pkt_min: 1 pkt_max: 5
          <idle>-0       [009] ..s2. 4749968.215559: bpf_trace_printk: 

          <idle>-0       [009] ..s2. 4749968.215562: bpf_trace_printk: Receive a packet on cpu 9
          <idle>-0       [009] ..s2. 4749968.215562: bpf_trace_printk: cur_pkt_id: 6
          <idle>-0       [009] ..s2. 4749968.215564: bpf_trace_printk: Detect packet loss, need to recover pkts [3, 4]
          <idle>-0       [009] ..s2. 4749968.215566: bpf_trace_printk: init LOST_FLAGS: 0x300
          <idle>-0       [009] ..s2. 4749968.215567: bpf_trace_printk: [handle_one_packet_loss] next pkt to recover: 3, lost_pkt_max: 4
          <idle>-0       [009] ..s2. 4749968.215568: bpf_trace_printk: [handle_one_packet_loss] to recover pkt 3
          <idle>-0       [009] ..s2. 4749968.215569: bpf_trace_printk: [add_metadata_to_log] add lost pkt 3 to ring[2]
          <idle>-0       [009] ..s2. 4749968.215570: bpf_trace_printk: [add_metadata_to_log] next_loc: 3, pkt_min: 1 pkt_max: 3
          <idle>-0       [009] ..s2. 4749968.215571: bpf_trace_printk: [handle_packet_loss] get metadata of pkt 3 from core 8
          <idle>-0       [009] ..s2. 4749968.215573: bpf_trace_printk: src ip ac105ac6, dst port: 47635, tcp_syn_flag: 1, tcp_fin_flag: 0
          <idle>-0       [009] ..s2. 4749968.215573: bpf_trace_printk: [handle_one_packet_loss] recover pkt 3 SUCCEED
          <idle>-0       [009] ..s2. 4749968.215574: bpf_trace_printk: [handle_one_packet_loss] next pkt to recover: 4, lost_pkt_max: 4
          <idle>-0       [009] ..s2. 4749968.215575: bpf_trace_printk: [handle_one_packet_loss] to recover pkt 4
          <idle>-0       [009] ..s2. 4749968.215576: bpf_trace_printk: [add_metadata_to_log] add lost pkt 4 to ring[3]
          <idle>-0       [009] ..s2. 4749968.215577: bpf_trace_printk: [add_metadata_to_log] next_loc: 4, pkt_min: 1 pkt_max: 4
          <idle>-0       [009] ..s2. 4749968.215578: bpf_trace_printk: [handle_packet_loss] get metadata of pkt 4 from core 8
          <idle>-0       [009] ..s2. 4749968.215579: bpf_trace_printk: src ip ac105ac6, dst port: 47635, tcp_syn_flag: 1, tcp_fin_flag: 0
          <idle>-0       [009] ..s2. 4749968.215579: bpf_trace_printk: [handle_one_packet_loss] recover pkt 4 SUCCEED
          <idle>-0       [009] ..s2. 4749968.215580: bpf_trace_printk: [handle_one_packet_loss] next pkt to recover: 5, lost_pkt_max: 4
          <idle>-0       [009] ..s2. 4749968.215581: bpf_trace_printk: [handle_packet_loss] SUCCEED
          <idle>-0       [009] ..s2. 4749968.215582: bpf_trace_printk: [add_metadata_to_log] add pkt 5 to ring[4]
          <idle>-0       [009] ..s2. 4749968.215583: bpf_trace_printk: src ip ac105ac5, dst port: 13502, tcp_syn_flag: 1, tcp_fin_flag: 0
          <idle>-0       [009] ..s2. 4749968.215583: bpf_trace_printk: [add_metadata_to_log] next_loc: 5, pkt_min: 1 pkt_max: 5
          <idle>-0       [009] ..s2. 4749968.215584: bpf_trace_printk: [add_metadata_to_log] add pkt 6 to ring[5]
          <idle>-0       [009] ..s2. 4749968.215585: bpf_trace_printk: src ip ac105ac6, dst port: 47635, tcp_syn_flag: 1, tcp_fin_flag: 0
          <idle>-0       [009] ..s2. 4749968.215586: bpf_trace_printk: [add_metadata_to_log] next_loc: 6, pkt_min: 1 pkt_max: 6
          <idle>-0       [008] ..s2. 4749968.216419: bpf_trace_printk: 

          <idle>-0       [008] ..s2. 4749968.216421: bpf_trace_printk: Receive a packet on cpu 8
          <idle>-0       [008] ..s2. 4749968.216421: bpf_trace_printk: cur_pkt_id: 7
          <idle>-0       [008] ..s2. 4749968.216421: bpf_trace_printk: [add_metadata_to_log] add pkt 6 to ring[5]
          <idle>-0       [008] ..s2. 4749968.216422: bpf_trace_printk: src ip ac105ac6, dst port: 47635, tcp_syn_flag: 1, tcp_fin_flag: 0
          <idle>-0       [008] ..s2. 4749968.216422: bpf_trace_printk: [add_metadata_to_log] next_loc: 6, pkt_min: 1 pkt_max: 6
          <idle>-0       [008] ..s2. 4749968.216422: bpf_trace_printk: [add_metadata_to_log] add pkt 7 to ring[6]
          <idle>-0       [008] ..s2. 4749968.216423: bpf_trace_printk: src ip ac105ac5, dst port: 14014, tcp_syn_flag: 1, tcp_fin_flag: 0
          <idle>-0       [008] ..s2. 4749968.216424: bpf_trace_printk: [add_metadata_to_log] next_loc: 7, pkt_min: 1 pkt_max: 7
          <idle>-0       [009] ..s2. 4749968.217292: bpf_trace_printk: 

          <idle>-0       [009] ..s2. 4749968.217294: bpf_trace_printk: Receive a packet on cpu 9
          <idle>-0       [009] ..s2. 4749968.217295: bpf_trace_printk: cur_pkt_id: 8
          <idle>-0       [009] ..s2. 4749968.217295: bpf_trace_printk: [add_metadata_to_log] add pkt 7 to ring[6]
          <idle>-0       [009] ..s2. 4749968.217297: bpf_trace_printk: src ip ac105ac5, dst port: 14014, tcp_syn_flag: 1, tcp_fin_flag: 0
          <idle>-0       [009] ..s2. 4749968.217298: bpf_trace_printk: [add_metadata_to_log] next_loc: 7, pkt_min: 1 pkt_max: 7
          <idle>-0       [009] ..s2. 4749968.217300: bpf_trace_printk: [add_metadata_to_log] add pkt 8 to ring[7]
          <idle>-0       [009] ..s2. 4749968.217300: bpf_trace_printk: src ip ac105ac6, dst port: 47635, tcp_syn_flag: 1, tcp_fin_flag: 0
          <idle>-0       [009] ..s2. 4749968.217301: bpf_trace_printk: [add_metadata_to_log] next_loc: 0, pkt_min: 1 pkt_max: 8
          <idle>-0       [008] ..s2. 4749968.218207: bpf_trace_printk: 

          <idle>-0       [008] ..s2. 4749968.218209: bpf_trace_printk: Receive a packet on cpu 8
          <idle>-0       [008] ..s2. 4749968.218209: bpf_trace_printk: cur_pkt_id: 9
          <idle>-0       [008] ..s2. 4749968.218209: bpf_trace_printk: [add_metadata_to_log] add pkt 8 to ring[7]
          <idle>-0       [008] ..s2. 4749968.218209: bpf_trace_printk: src ip ac105ac6, dst port: 47635, tcp_syn_flag: 1, tcp_fin_flag: 0
          <idle>-0       [008] ..s2. 4749968.218210: bpf_trace_printk: [add_metadata_to_log] next_loc: 0, pkt_min: 1 pkt_max: 8
          <idle>-0       [008] ..s2. 4749968.218210: bpf_trace_printk: [add_metadata_to_log] add pkt 9 to ring[0]
          <idle>-0       [008] ..s2. 4749968.218210: bpf_trace_printk: src ip ac105ac6, dst port: 47635, tcp_syn_flag: 1, tcp_fin_flag: 0
          <idle>-0       [008] ..s2. 4749968.218212: bpf_trace_printk: [add_metadata_to_log] next_loc: 1, pkt_min: 2 pkt_max: 9
          <idle>-0       [009] ..s2. 4749968.219036: bpf_trace_printk: 

          <idle>-0       [009] ..s2. 4749968.219038: bpf_trace_printk: Receive a packet on cpu 9
          <idle>-0       [009] ..s2. 4749968.219039: bpf_trace_printk: cur_pkt_id: 10
          <idle>-0       [009] ..s2. 4749968.219040: bpf_trace_printk: [add_metadata_to_log] add pkt 9 to ring[0]
          <idle>-0       [009] ..s2. 4749968.219042: bpf_trace_printk: src ip ac105ac6, dst port: 47635, tcp_syn_flag: 1, tcp_fin_flag: 0
          <idle>-0       [009] ..s2. 4749968.219043: bpf_trace_printk: [add_metadata_to_log] next_loc: 1, pkt_min: 2 pkt_max: 9
          <idle>-0       [009] ..s2. 4749968.219044: bpf_trace_printk: [add_metadata_to_log] add pkt 10 to ring[1]
          <idle>-0       [009] ..s2. 4749968.219044: bpf_trace_printk: src ip ac105ac5, dst port: 14014, tcp_syn_flag: 1, tcp_fin_flag: 0
          <idle>-0       [009] ..s2. 4749968.219045: bpf_trace_printk: [add_metadata_to_log] next_loc: 2, pkt_min: 3 pkt_max: 10
