          <idle>-0       [009] ..s2. 4749761.233592: bpf_trace_printk: 

          <idle>-0       [009] ..s2. 4749761.233597: bpf_trace_printk: Receive a packet on cpu 9
          <idle>-0       [009] ..s2. 4749761.233598: bpf_trace_printk: cur_pkt_id: 2
          <idle>-0       [009] ..s2. 4749761.233599: bpf_trace_printk: [add_metadata_to_log] add pkt 1 to ring[0]
          <idle>-0       [009] ..s2. 4749761.233600: bpf_trace_printk: src ip ac105ac6, dst port: 47635, tcp_syn_flag: 1, tcp_fin_flag: 0
          <idle>-0       [009] ..s2. 4749761.233601: bpf_trace_printk: [add_metadata_to_log] next_loc: 1, pkt_min: 1 pkt_max: 1
          <idle>-0       [009] ..s2. 4749761.233602: bpf_trace_printk: [add_metadata_to_log] add pkt 2 to ring[1]
          <idle>-0       [009] ..s2. 4749761.233602: bpf_trace_printk: src ip ac105ac5, dst port: 13502, tcp_syn_flag: 1, tcp_fin_flag: 0
          <idle>-0       [009] ..s2. 4749761.233603: bpf_trace_printk: [add_metadata_to_log] next_loc: 2, pkt_min: 1 pkt_max: 2
          <idle>-0       [008] ..s2. 4749761.234495: bpf_trace_printk: 

          <idle>-0       [008] ..s2. 4749761.234498: bpf_trace_printk: Receive a packet on cpu 8
          <idle>-0       [008] ..s2. 4749761.234499: bpf_trace_printk: cur_pkt_id: 3
          <idle>-0       [008] ..s2. 4749761.234500: bpf_trace_printk: Detect packet loss, need to recover pkts [1, 1]
          <idle>-0       [008] ..s2. 4749761.234500: bpf_trace_printk: init LOST_FLAGS: 0x300
          <idle>-0       [008] ..s2. 4749761.234502: bpf_trace_printk: [handle_one_packet_loss] next pkt to recover: 1, lost_pkt_max: 1
          <idle>-0       [008] ..s2. 4749761.234503: bpf_trace_printk: [handle_one_packet_loss] to recover pkt 1
          <idle>-0       [008] ..s2. 4749761.234503: bpf_trace_printk: [add_metadata_to_log] add lost pkt 1 to ring[0]
          <idle>-0       [008] ..s2. 4749761.234504: bpf_trace_printk: [add_metadata_to_log] next_loc: 1, pkt_min: 1 pkt_max: 1
          <idle>-0       [008] ..s2. 4749761.234505: bpf_trace_printk: [handle_packet_loss] get metadata of pkt 1 from core 9
          <idle>-0       [008] ..s2. 4749761.234506: bpf_trace_printk: src ip ac105ac6, dst port: 47635, tcp_syn_flag: 1, tcp_fin_flag: 0
          <idle>-0       [008] ..s2. 4749761.234507: bpf_trace_printk: [handle_one_packet_loss] recover pkt 1 SUCCEED
          <idle>-0       [008] ..s2. 4749761.234507: bpf_trace_printk: [handle_one_packet_loss] next pkt to recover: 2, lost_pkt_max: 1
          <idle>-0       [008] ..s2. 4749761.234507: bpf_trace_printk: [handle_packet_loss] SUCCEED
          <idle>-0       [008] ..s2. 4749761.234508: bpf_trace_printk: [add_metadata_to_log] add pkt 2 to ring[1]
          <idle>-0       [008] ..s2. 4749761.234509: bpf_trace_printk: src ip ac105ac5, dst port: 13502, tcp_syn_flag: 1, tcp_fin_flag: 0
          <idle>-0       [008] ..s2. 4749761.234509: bpf_trace_printk: [add_metadata_to_log] next_loc: 2, pkt_min: 1 pkt_max: 2
          <idle>-0       [008] ..s2. 4749761.234510: bpf_trace_printk: [add_metadata_to_log] add pkt 3 to ring[2]
          <idle>-0       [008] ..s2. 4749761.234511: bpf_trace_printk: src ip ac105ac6, dst port: 47635, tcp_syn_flag: 1, tcp_fin_flag: 0
          <idle>-0       [008] ..s2. 4749761.234511: bpf_trace_printk: [add_metadata_to_log] next_loc: 3, pkt_min: 1 pkt_max: 3
          <idle>-0       [009] ..s2. 4749761.235352: bpf_trace_printk: 

          <idle>-0       [009] ..s2. 4749761.235353: bpf_trace_printk: Receive a packet on cpu 9
          <idle>-0       [009] ..s2. 4749761.235353: bpf_trace_printk: cur_pkt_id: 4
          <idle>-0       [009] ..s2. 4749761.235354: bpf_trace_printk: [add_metadata_to_log] add pkt 3 to ring[2]
          <idle>-0       [009] ..s2. 4749761.235355: bpf_trace_printk: src ip ac105ac6, dst port: 47635, tcp_syn_flag: 1, tcp_fin_flag: 0
          <idle>-0       [009] ..s2. 4749761.235355: bpf_trace_printk: [add_metadata_to_log] next_loc: 3, pkt_min: 1 pkt_max: 3
          <idle>-0       [009] ..s2. 4749761.235356: bpf_trace_printk: [add_metadata_to_log] add pkt 4 to ring[3]
          <idle>-0       [009] ..s2. 4749761.235357: bpf_trace_printk: src ip ac105ac6, dst port: 47635, tcp_syn_flag: 1, tcp_fin_flag: 0
          <idle>-0       [009] ..s2. 4749761.235358: bpf_trace_printk: [add_metadata_to_log] next_loc: 4, pkt_min: 1 pkt_max: 4
          <idle>-0       [008] ..s2. 4749761.236277: bpf_trace_printk: 

          <idle>-0       [008] ..s2. 4749761.236280: bpf_trace_printk: Receive a packet on cpu 8
          <idle>-0       [008] ..s2. 4749761.236280: bpf_trace_printk: cur_pkt_id: 5
          <idle>-0       [008] ..s2. 4749761.236281: bpf_trace_printk: [add_metadata_to_log] add pkt 4 to ring[3]
          <idle>-0       [008] ..s2. 4749761.236284: bpf_trace_printk: src ip ac105ac6, dst port: 47635, tcp_syn_flag: 1, tcp_fin_flag: 0
          <idle>-0       [008] ..s2. 4749761.236285: bpf_trace_printk: [add_metadata_to_log] next_loc: 4, pkt_min: 1 pkt_max: 4
          <idle>-0       [008] ..s2. 4749761.236286: bpf_trace_printk: [add_metadata_to_log] add pkt 5 to ring[4]
          <idle>-0       [008] ..s2. 4749761.236287: bpf_trace_printk: src ip ac105ac5, dst port: 13502, tcp_syn_flag: 1, tcp_fin_flag: 0
          <idle>-0       [008] ..s2. 4749761.236287: bpf_trace_printk: [add_metadata_to_log] next_loc: 5, pkt_min: 1 pkt_max: 5
          <idle>-0       [009] ..s2. 4749761.237133: bpf_trace_printk: 

          <idle>-0       [009] ..s2. 4749761.237134: bpf_trace_printk: Receive a packet on cpu 9
          <idle>-0       [009] ..s2. 4749761.237134: bpf_trace_printk: cur_pkt_id: 6
          <idle>-0       [009] ..s2. 4749761.237135: bpf_trace_printk: [add_metadata_to_log] add pkt 5 to ring[4]
          <idle>-0       [009] ..s2. 4749761.237135: bpf_trace_printk: src ip ac105ac5, dst port: 13502, tcp_syn_flag: 1, tcp_fin_flag: 0
          <idle>-0       [009] ..s2. 4749761.237136: bpf_trace_printk: [add_metadata_to_log] next_loc: 5, pkt_min: 1 pkt_max: 5
          <idle>-0       [009] ..s2. 4749761.237136: bpf_trace_printk: [add_metadata_to_log] add pkt 6 to ring[5]
          <idle>-0       [009] ..s2. 4749761.237137: bpf_trace_printk: src ip ac105ac6, dst port: 47635, tcp_syn_flag: 1, tcp_fin_flag: 0
          <idle>-0       [009] ..s2. 4749761.237138: bpf_trace_printk: [add_metadata_to_log] next_loc: 6, pkt_min: 1 pkt_max: 6
          <idle>-0       [008] ..s2. 4749761.238000: bpf_trace_printk: 

          <idle>-0       [008] ..s2. 4749761.238002: bpf_trace_printk: Receive a packet on cpu 8
          <idle>-0       [008] ..s2. 4749761.238002: bpf_trace_printk: cur_pkt_id: 7
          <idle>-0       [008] ..s2. 4749761.238003: bpf_trace_printk: [add_metadata_to_log] add pkt 6 to ring[5]
          <idle>-0       [008] ..s2. 4749761.238003: bpf_trace_printk: src ip ac105ac6, dst port: 47635, tcp_syn_flag: 1, tcp_fin_flag: 0
          <idle>-0       [008] ..s2. 4749761.238005: bpf_trace_printk: [add_metadata_to_log] next_loc: 6, pkt_min: 1 pkt_max: 6
          <idle>-0       [008] ..s2. 4749761.238005: bpf_trace_printk: [add_metadata_to_log] add pkt 7 to ring[6]
          <idle>-0       [008] ..s2. 4749761.238006: bpf_trace_printk: src ip ac105ac5, dst port: 14014, tcp_syn_flag: 1, tcp_fin_flag: 0
          <idle>-0       [008] ..s2. 4749761.238006: bpf_trace_printk: [add_metadata_to_log] next_loc: 7, pkt_min: 1 pkt_max: 7
          <idle>-0       [009] ..s2. 4749761.238868: bpf_trace_printk: 

          <idle>-0       [009] ..s2. 4749761.238870: bpf_trace_printk: Receive a packet on cpu 9
          <idle>-0       [009] ..s2. 4749761.238870: bpf_trace_printk: cur_pkt_id: 8
          <idle>-0       [009] ..s2. 4749761.238870: bpf_trace_printk: [add_metadata_to_log] add pkt 7 to ring[6]
          <idle>-0       [009] ..s2. 4749761.238871: bpf_trace_printk: src ip ac105ac5, dst port: 14014, tcp_syn_flag: 1, tcp_fin_flag: 0
          <idle>-0       [009] ..s2. 4749761.238871: bpf_trace_printk: [add_metadata_to_log] next_loc: 7, pkt_min: 1 pkt_max: 7
          <idle>-0       [009] ..s2. 4749761.238871: bpf_trace_printk: [add_metadata_to_log] add pkt 8 to ring[7]
          <idle>-0       [009] ..s2. 4749761.238872: bpf_trace_printk: src ip ac105ac6, dst port: 47635, tcp_syn_flag: 1, tcp_fin_flag: 0
          <idle>-0       [009] ..s2. 4749761.238872: bpf_trace_printk: [add_metadata_to_log] next_loc: 0, pkt_min: 1 pkt_max: 8
          <idle>-0       [008] ..s2. 4749761.239789: bpf_trace_printk: 

          <idle>-0       [008] ..s2. 4749761.239792: bpf_trace_printk: Receive a packet on cpu 8
          <idle>-0       [008] ..s2. 4749761.239793: bpf_trace_printk: cur_pkt_id: 9
          <idle>-0       [008] ..s2. 4749761.239794: bpf_trace_printk: [add_metadata_to_log] add pkt 8 to ring[7]
          <idle>-0       [008] ..s2. 4749761.239796: bpf_trace_printk: src ip ac105ac6, dst port: 47635, tcp_syn_flag: 1, tcp_fin_flag: 0
          <idle>-0       [008] ..s2. 4749761.239797: bpf_trace_printk: [add_metadata_to_log] next_loc: 0, pkt_min: 1 pkt_max: 8
          <idle>-0       [008] ..s2. 4749761.239798: bpf_trace_printk: [add_metadata_to_log] add pkt 9 to ring[0]
          <idle>-0       [008] ..s2. 4749761.239799: bpf_trace_printk: src ip ac105ac6, dst port: 47635, tcp_syn_flag: 1, tcp_fin_flag: 0
          <idle>-0       [008] ..s2. 4749761.239800: bpf_trace_printk: [add_metadata_to_log] next_loc: 1, pkt_min: 2 pkt_max: 9
          <idle>-0       [009] ..s2. 4749761.240612: bpf_trace_printk: 

          <idle>-0       [009] ..s2. 4749761.240613: bpf_trace_printk: Receive a packet on cpu 9
          <idle>-0       [009] ..s2. 4749761.240613: bpf_trace_printk: cur_pkt_id: 10
          <idle>-0       [009] ..s2. 4749761.240614: bpf_trace_printk: [add_metadata_to_log] add pkt 9 to ring[0]
          <idle>-0       [009] ..s2. 4749761.240614: bpf_trace_printk: src ip ac105ac6, dst port: 47635, tcp_syn_flag: 1, tcp_fin_flag: 0
          <idle>-0       [009] ..s2. 4749761.240614: bpf_trace_printk: [add_metadata_to_log] next_loc: 1, pkt_min: 2 pkt_max: 9
          <idle>-0       [009] ..s2. 4749761.240615: bpf_trace_printk: [add_metadata_to_log] add pkt 10 to ring[1]
          <idle>-0       [009] ..s2. 4749761.240616: bpf_trace_printk: src ip ac105ac5, dst port: 14014, tcp_syn_flag: 1, tcp_fin_flag: 0
          <idle>-0       [009] ..s2. 4749761.240617: bpf_trace_printk: [add_metadata_to_log] next_loc: 2, pkt_min: 3 pkt_max: 10
